<?xml version="1.0" encoding="UTF-8"?>
<coverage generated="1776429564753" clover="3.2.0">
  <project timestamp="1776429564753" name="All files">
    <metrics statements="7" coveredstatements="4" conditionals="6" coveredconditionals="2" methods="2" coveredmethods="1" elements="15" coveredelements="7" complexity="0" loc="7" ncloc="7" packages="1" files="1" classes="1"/>
    <file name="LikeButton.tsx" path="C:\Users\olive\Computing-projects\MosaiX\components\LikeButton.tsx">
      <metrics statements="7" coveredstatements="4" conditionals="6" coveredconditionals="2" methods="2" coveredmethods="1"/>
      <line num="10" count="1" type="stmt"/>
      <line num="12" count="1" type="stmt"/>
      <line num="13" count="0" type="cond" truecount="0" falsecount="2"/>
      <line num="14" count="0" type="stmt"/>
      <line num="16" count="0" type="stmt"/>
      <line num="20" count="1" type="stmt"/>
      <line num="35" count="1" type="stmt"/>
    </file>
  </project>
</coverage>
