{"C:\\Users\\olive\\Computing-projects\\MosaiX\\components\\LikeButton.tsx": {"path":"C:\\Users\\olive\\Computing-projects\\MosaiX\\components\\LikeButton.tsx","statementMap":{"0":{"start":{"line":10,"column":32},"end":{"line":10,"column":47}},"1":{"start":{"line":12,"column":22},"end":{"line":18,"column":3}},"2":{"start":{"line":13,"column":4},"end":{"line":17,"column":5}},"3":{"start":{"line":14,"column":6},"end":{"line":14,"column":24}},"4":{"start":{"line":16,"column":6},"end":{"line":16,"column":23}},"5":{"start":{"line":20,"column":2},"end":{"line":32,"column":4}},"6":{"start":{"line":35,"column":15},"end":{"line":44,"column":2}}},"fnMap":{"0":{"name":"LikeButton","decl":{"start":{"line":9,"column":24},"end":{"line":9,"column":34}},"loc":{"start":{"line":9,"column":53},"end":{"line":33,"column":1}},"line":9},"1":{"name":"(anonymous_1)","decl":{"start":{"line":12,"column":22},"end":{"line":12,"column":23}},"loc":{"start":{"line":12,"column":28},"end":{"line":18,"column":3}},"line":12}},"branchMap":{"0":{"loc":{"start":{"line":13,"column":4},"end":{"line":17,"column":5}},"type":"if","locations":[{"start":{"line":13,"column":4},"end":{"line":17,"column":5}},{"start":{"line":15,"column":11},"end":{"line":17,"column":5}}],"line":13},"1":{"loc":{"start":{"line":27,"column":14},"end":{"line":27,"column":45}},"type":"cond-expr","locations":[{"start":{"line":27,"column":24},"end":{"line":27,"column":31}},{"start":{"line":27,"column":34},"end":{"line":27,"column":45}}],"line":27},"2":{"loc":{"start":{"line":29,"column":15},"end":{"line":29,"column":40}},"type":"cond-expr","locations":[{"start":{"line":29,"column":25},"end":{"line":29,"column":30}},{"start":{"line":29,"column":33},"end":{"line":29,"column":40}}],"line":29}},"s":{"0":1,"1":1,"2":0,"3":0,"4":0,"5":1,"6":1},"f":{"0":1,"1":0},"b":{"0":[0,0],"1":[0,1],"2":[0,1]},"_coverageSchema":"1a1c01bbd47fc00a2c39e90264f33305004495a9","hash":"6001e26b304337528e9464849d9cbf64147a994b"}
}
