{"C:\\Users\\AcademyStudent\\OneDrive - La Fosse Associates\\Desktop\\Week 8\\MosaiX\\MosaiX-Frontend\\app\\(tabs)\\profile.tsx": {"path":"C:\\Users\\AcademyStudent\\OneDrive - La Fosse Associates\\Desktop\\Week 8\\MosaiX\\MosaiX-Frontend\\app\\(tabs)\\profile.tsx","statementMap":{"0":{"start":{"line":16,"column":18},"end":{"line":16,"column":39}},"1":{"start":{"line":17,"column":21},"end":{"line":17,"column":38}},"2":{"start":{"line":18,"column":40},"end":{"line":18,"column":52}},"3":{"start":{"line":19,"column":30},"end":{"line":19,"column":59}},"4":{"start":{"line":20,"column":20},"end":{"line":20,"column":42}},"5":{"start":{"line":22,"column":20},"end":{"line":38,"column":3}},"6":{"start":{"line":23,"column":29},"end":{"line":23,"column":84}},"7":{"start":{"line":24,"column":4},"end":{"line":27,"column":5}},"8":{"start":{"line":25,"column":6},"end":{"line":25,"column":80}},"9":{"start":{"line":26,"column":6},"end":{"line":26,"column":13}},"10":{"start":{"line":29,"column":19},"end":{"line":33,"column":6}},"11":{"start":{"line":35,"column":4},"end":{"line":37,"column":5}},"12":{"start":{"line":36,"column":6},"end":{"line":36,"column":38}},"13":{"start":{"line":40,"column":2},"end":{"line":79,"column":4}},"14":{"start":{"line":69,"column":36},"end":{"line":69,"column":52}},"15":{"start":{"line":73,"column":26},"end":{"line":73,"column":54}},"16":{"start":{"line":82,"column":15},"end":{"line":165,"column":2}}},"fnMap":{"0":{"name":"Profile","decl":{"start":{"line":15,"column":24},"end":{"line":15,"column":31}},"loc":{"start":{"line":15,"column":34},"end":{"line":80,"column":1}},"line":15},"1":{"name":"(anonymous_1)","decl":{"start":{"line":22,"column":20},"end":{"line":22,"column":21}},"loc":{"start":{"line":22,"column":32},"end":{"line":38,"column":3}},"line":22},"2":{"name":"(anonymous_2)","decl":{"start":{"line":69,"column":22},"end":{"line":69,"column":23}},"loc":{"start":{"line":69,"column":36},"end":{"line":69,"column":52}},"line":69},"3":{"name":"(anonymous_3)","decl":{"start":{"line":73,"column":20},"end":{"line":73,"column":21}},"loc":{"start":{"line":73,"column":26},"end":{"line":73,"column":54}},"line":73}},"branchMap":{"0":{"loc":{"start":{"line":24,"column":4},"end":{"line":27,"column":5}},"type":"if","locations":[{"start":{"line":24,"column":4},"end":{"line":27,"column":5}},{"start":{},"end":{}}],"line":24},"1":{"loc":{"start":{"line":35,"column":4},"end":{"line":37,"column":5}},"type":"if","locations":[{"start":{"line":35,"column":4},"end":{"line":37,"column":5}},{"start":{},"end":{}}],"line":35},"2":{"loc":{"start":{"line":58,"column":13},"end":{"line":62,"column":13}},"type":"cond-expr","locations":[{"start":{"line":59,"column":14},"end":{"line":59,"column":75}},{"start":{"line":61,"column":14},"end":{"line":61,"column":66}}],"line":58}},"s":{"0":6,"1":6,"2":6,"3":6,"4":6,"5":6,"6":0,"7":0,"8":0,"9":0,"10":0,"11":0,"12":0,"13":6,"14":0,"15":0,"16":1},"f":{"0":6,"1":0,"2":0,"3":0},"b":{"0":[0,0],"1":[0,0],"2":[0,6]},"_coverageSchema":"1a1c01bbd47fc00a2c39e90264f33305004495a9","hash":"dad444ab5b99325243241eddda9c84c5e32289d0"}
}
